
> careerflyght-frontend@0.1.0 dev
> next dev

▲ Next.js 16.2.6 (Turbopack)
- Local:         http://localhost:3000
- Network:       http://192.168.0.2:3000
- Environments: .env.local
✓ Ready in 593ms

 GET / 200 in 958ms (next.js: 146ms, proxy.ts: 344ms, application-code: 467ms)
 GET /signup 200 in 238ms (next.js: 87ms, proxy.ts: 16ms, application-code: 135ms)
✓ Compiled in 1591ms
 GET / 200 in 436ms (next.js: 59ms, proxy.ts: 111ms, application-code: 266ms)
 GET /signup 200 in 139ms (next.js: 53ms, proxy.ts: 9ms, application-code: 77ms)
Signup error: Error [AuthApiError]: Email address "testuser_3698@example.com" is invalid
    at async signup (src/app/signup/actions.ts:21:21)
  19 |   };
  20 |
> 21 |   const { error } = await supabase.auth.signUp(data);
     |                     ^
  22 |
  23 |   if (error) {
  24 |     console.error("Signup error:", error); {
  __isAuthError: true,
  status: 400,
  code: 'email_address_invalid'
}
 GET /login 200 in 1024ms (next.js: 946ms, proxy.ts: 8ms, application-code: 71ms)
 POST /signup 303 in 2.9s (next.js: 4ms, proxy.ts: 21ms, application-code: 2.9s)
  └─ ƒ signup({}) in 1827ms src/signup/actions.ts
 GET / 200 in 102ms (next.js: 8ms, proxy.ts: 11ms, application-code: 84ms)
 GET /login 200 in 113ms (next.js: 5ms, proxy.ts: 14ms, application-code: 94ms)
[?25h
